<?xml version="1.0" encoding="UTF-8"?>
<!-- Generated by org.testng.reporters.JUnitReportReporter -->
<testsuite skipped="0" hostname="DESKTOP-D7PUHMF" name="com.qa.tests.CookieHandlingConcept" tests="1" failures="0" timestamp="01 Oct 2018 04:02:35 GMT" time="31.045" errors="0">
  <testcase name="getCookie" time="31.045" classname="com.qa.tests.CookieHandlingConcept"/>
</testsuite> <!-- com.qa.tests.CookieHandlingConcept -->
