<?xml version="1.0" encoding="UTF-8"?>
<!-- Generated by org.testng.reporters.JUnitReportReporter -->
<testsuite skipped="0" hostname="DESKTOP-D7PUHMF" name="com.qa.tests.TicketFareTest" tests="1" failures="0" timestamp="22 Nov 2018 11:05:13 GMT" time="58.084" errors="0">
  <testcase name="verifyTicketFare" time="58.084" classname="com.qa.tests.TicketFareTest"/>
</testsuite> <!-- com.qa.tests.TicketFareTest -->
