<?xml version="1.0" encoding="UTF-8"?>
<!-- Generated by org.testng.reporters.JUnitReportReporter -->
<testsuite skipped="0" hostname="DESKTOP-D7PUHMF" name="com.trainline.qa.tests.TicketFareTest" tests="1" failures="0" timestamp="31 Dec 2018 01:57:39 GMT" time="49.658" errors="0">
  <testcase name="verifyTicketFare" time="49.658" classname="com.trainline.qa.tests.TicketFareTest"/>
</testsuite> <!-- com.trainline.qa.tests.TicketFareTest -->
